0 info it worked if it ends with ok
1 verbose cli [ 'C:\\Program Files\\nodejs\\node.exe',
1 verbose cli   'C:\\Users\\Ram\\AppData\\Roaming\\npm\\node_modules\\npm\\bin\\npm-cli.js',
1 verbose cli   'run',
1 verbose cli   'build:server',
1 verbose cli   '--base-href',
1 verbose cli   'https://anil24.github.io/mic-project' ]
2 info using npm@3.10.6
3 info using node@v8.9.1
4 verbose run-script [ 'prebuild:server', 'build:server', 'postbuild:server' ]
5 info lifecycle mic-app@0.0.0~prebuild:server: mic-app@0.0.0
6 silly lifecycle mic-app@0.0.0~prebuild:server: no script for prebuild:server, continuing
7 info lifecycle mic-app@0.0.0~build:server: mic-app@0.0.0
8 verbose lifecycle mic-app@0.0.0~build:server: unsafe-perm in lifecycle true
9 verbose lifecycle mic-app@0.0.0~build:server: PATH: C:\Users\Ram\AppData\Roaming\npm\node_modules\npm\bin\node-gyp-bin;C:\xampp\htdocs\Repository\mic_portal\micportal_v2\mic-app\node_modules\.bin;C:\Program Files\Git\cmd;C:\ProgramData\Oracle\Java\javapath;C:\WINDOWS\system32;C:\WINDOWS;C:\WINDOWS\System32\Wbem;C:\WINDOWS\System32\WindowsPowerShell\v1.0\;C:\Program Files\TortoiseSVN\bin;C:\Program Files\Git\cmd;C:\Program Files\MongoDB\Server\3.4\bin;C:\adb;C:\Program Files\TortoiseGit\bin;C:\Program Files\nodejs\;C:\Program Files\MongoDB\Server\3.4\bin;C:\Program Files\Microsoft VS Code\bin;C:\Users\Ram\AppData\Roaming\npm
10 verbose lifecycle mic-app@0.0.0~build:server: CWD: C:\xampp\htdocs\Repository\mic_portal\micportal_v2\mic-app
11 silly lifecycle mic-app@0.0.0~build:server: Args: [ '/d /s /c',
11 silly lifecycle   'run-s build:client build:aot webpack:server "https://anil24.github.io/mic-project"' ]
12 silly lifecycle mic-app@0.0.0~build:server: Returned: code: 1  signal: null
13 info lifecycle mic-app@0.0.0~build:server: Failed to exec build:server script
14 verbose stack Error: mic-app@0.0.0 build:server: `run-s build:client build:aot webpack:server "https://anil24.github.io/mic-project"`
14 verbose stack Exit status 1
14 verbose stack     at EventEmitter.<anonymous> (C:\Users\Ram\AppData\Roaming\npm\node_modules\npm\lib\utils\lifecycle.js:255:16)
14 verbose stack     at emitTwo (events.js:126:13)
14 verbose stack     at EventEmitter.emit (events.js:214:7)
14 verbose stack     at ChildProcess.<anonymous> (C:\Users\Ram\AppData\Roaming\npm\node_modules\npm\lib\utils\spawn.js:40:14)
14 verbose stack     at emitTwo (events.js:126:13)
14 verbose stack     at ChildProcess.emit (events.js:214:7)
14 verbose stack     at maybeClose (internal/child_process.js:925:16)
14 verbose stack     at Process.ChildProcess._handle.onexit (internal/child_process.js:209:5)
15 verbose pkgid mic-app@0.0.0
16 verbose cwd C:\xampp\htdocs\Repository\mic_portal\micportal_v2\mic-app
17 error Windows_NT 10.0.10586
18 error argv "C:\\Program Files\\nodejs\\node.exe" "C:\\Users\\Ram\\AppData\\Roaming\\npm\\node_modules\\npm\\bin\\npm-cli.js" "run" "build:server" "--base-href" "https://anil24.github.io/mic-project"
19 error node v8.9.1
20 error npm  v3.10.6
21 error code ELIFECYCLE
22 error mic-app@0.0.0 build:server: `run-s build:client build:aot webpack:server "https://anil24.github.io/mic-project"`
22 error Exit status 1
23 error Failed at the mic-app@0.0.0 build:server script 'run-s build:client build:aot webpack:server "https://anil24.github.io/mic-project"'.
23 error Make sure you have the latest version of node.js and npm installed.
23 error If you do, this is most likely a problem with the mic-app package,
23 error not with npm itself.
23 error Tell the author that this fails on your system:
23 error     run-s build:client build:aot webpack:server "https://anil24.github.io/mic-project"
23 error You can get information on how to open an issue for this project with:
23 error     npm bugs mic-app
23 error Or if that isn't available, you can get their info via:
23 error     npm owner ls mic-app
23 error There is likely additional logging output above.
24 verbose exit [ 1, true ]
